<?xml version="1.0" encoding="UTF-8"?>
<!-- Generated by org.testng.reporters.JUnitReportReporter -->
<testsuite hostname="rajhansji" failures="0" tests="1" name="com.actitime.testscript.Demo" time="0.003" errors="0" timestamp="2022-12-21T18:30:07 IST" skipped="0">
  <testcase classname="com.actitime.testscript.Demo" name="testDemo" time="0.003"/>
  <system-out>
    <![CDATA[welcome to testNG
hii
bye]]>
  </system-out>
</testsuite> <!-- com.actitime.testscript.Demo -->
