<?xml version="1.0" encoding="UTF-8"?>
<!-- Generated by org.testng.reporters.JUnitReportReporter -->
<testsuite hostname="rajhansji" failures="0" tests="1" name="com.actitime.generics.TestMethodPom" time="22.351" errors="0" timestamp="2022-12-31T17:45:24 IST" skipped="0">
  <testcase classname="com.actitime.generics.TestMethodPom" name="verifyLogin" time="22.351"/>
  <system-out/>
</testsuite> <!-- com.actitime.generics.TestMethodPom -->
