<?xml version="1.0" encoding="UTF-8"?>
<!-- Generated by org.testng.reporters.JUnitReportReporter -->
<testsuite hostname="rajhansji" failures="0" tests="4" name="com.actitime.testscript.CustomerModule" time="0.023" errors="0" timestamp="2022-12-28T21:18:01 IST" skipped="0">
  <testcase classname="com.actitime.testscript.CustomerModule" name="registerCustomer" time="0.002"/>
  <system-out>
    <![CDATA[ registerCustomer]]>
  </system-out>
  <testcase classname="com.actitime.testscript.CustomerModule" name="deleteCustomer" time="0.008"/>
  <system-out>
    <![CDATA[ deletecustomer]]>
  </system-out>
  <testcase classname="com.actitime.testscript.CustomerModule" name="editCustomer" time="0.009"/>
  <system-out>
    <![CDATA[ edit customer]]>
  </system-out>
  <testcase classname="com.actitime.testscript.CustomerModule" name="editCustomer" time="0.004"/>
  <system-out>
    <![CDATA[ edit customer]]>
  </system-out>
</testsuite> <!-- com.actitime.testscript.CustomerModule -->
