<?xml version="1.0" encoding="UTF-8"?>
<!-- Generated by org.testng.reporters.JUnitReportReporter -->
<testsuite hostname="rajhansji" failures="0" tests="1" name="com.actitime.generics.ScreenShot" time="21.315" errors="0" timestamp="2022-12-31T13:01:34 IST" skipped="0">
  <testcase classname="com.actitime.generics.ScreenShot" name="screen" time="21.315"/>
  <system-out/>
</testsuite> <!-- com.actitime.generics.ScreenShot -->
