<?xml version="1.0" encoding="UTF-8"?>
<!-- Generated by org.testng.reporters.JUnitReportReporter -->
<testsuite hostname="rajhansji" failures="0" tests="3" name="com.actitime.testscript.CreateProject" time="0.012" errors="0" timestamp="2022-12-21T18:30:07 IST" skipped="0">
  <testcase classname="com.actitime.testscript.CreateProject" name="createProject" time="0.001"/>
  <system-out>
    <![CDATA[create Project]]>
  </system-out>
  <testcase classname="com.actitime.testscript.CreateProject" name="modifyProject" time="0.001"/>
  <system-out>
    <![CDATA[modify Project]]>
  </system-out>
  <testcase classname="com.actitime.testscript.CreateProject" name="deleteProject" time="0.010"/>
  <system-out>
    <![CDATA[delete Project]]>
  </system-out>
</testsuite> <!-- com.actitime.testscript.CreateProject -->
