<?xml version="1.0" encoding="UTF-8"?>
<!-- Generated by org.testng.reporters.JUnitReportReporter -->
<testsuite hostname="rajhansji" failures="0" tests="3" name="com.actitime.testscript.CreateTask" time="0.014" errors="0" timestamp="2022-12-21T18:30:07 IST" skipped="0">
  <testcase classname="com.actitime.testscript.CreateTask" name="createTask" time="0.011"/>
  <system-out>
    <![CDATA[create Task]]>
  </system-out>
  <testcase classname="com.actitime.testscript.CreateTask" name="modifyTaskt" time="0.002"/>
  <system-out>
    <![CDATA[modify Task]]>
  </system-out>
  <testcase classname="com.actitime.testscript.CreateTask" name="deleteTask" time="0.001"/>
  <system-out>
    <![CDATA[delete Task]]>
  </system-out>
</testsuite> <!-- com.actitime.testscript.CreateTask -->
