<?xml version="1.0" encoding="UTF-8"?>
<!-- Generated by org.testng.reporters.JUnitReportReporter -->
<testsuite hostname="rajhansji" failures="0" tests="4" name="com.actitime.testscript.CustomerModule2" time="0.023" errors="0" timestamp="2022-12-27T21:02:03 IST" skipped="0">
  <testcase classname="com.actitime.testscript.CustomerModule2" name="registerCustomer" time="0.003"/>
  <system-out>
    <![CDATA[ registerCustomer]]>
  </system-out>
  <testcase classname="com.actitime.testscript.CustomerModule2" name="deleteCustomer" time="0.009"/>
  <system-out>
    <![CDATA[ deletecustomer]]>
  </system-out>
  <testcase classname="com.actitime.testscript.CustomerModule2" name="editCustomer" time="0.006"/>
  <system-out>
    <![CDATA[edit customer]]>
  </system-out>
  <testcase classname="com.actitime.testscript.CustomerModule2" name="editCustomer" time="0.005"/>
  <system-out>
    <![CDATA[edit customer]]>
  </system-out>
</testsuite> <!-- com.actitime.testscript.CustomerModule2 -->
